14-Oct-2019 14:28:52.592 INFO [main] org.apache.catalina.startup.VersionLoggerListener.log Server version name:   Apache Tomcat/9.0.26
14-Oct-2019 14:28:52.594 INFO [main] org.apache.catalina.startup.VersionLoggerListener.log Server built:          Sep 16 2019 15:51:39 UTC
14-Oct-2019 14:28:52.594 INFO [main] org.apache.catalina.startup.VersionLoggerListener.log Server version number: 9.0.26.0
14-Oct-2019 14:28:52.594 INFO [main] org.apache.catalina.startup.VersionLoggerListener.log OS Name:               Linux
14-Oct-2019 14:28:52.594 INFO [main] org.apache.catalina.startup.VersionLoggerListener.log OS Version:            4.15.0-65-generic
14-Oct-2019 14:28:52.594 INFO [main] org.apache.catalina.startup.VersionLoggerListener.log Architecture:          amd64
14-Oct-2019 14:28:52.595 INFO [main] org.apache.catalina.startup.VersionLoggerListener.log Java Home:             /usr/lib/jvm/java-8-oracle/jre
14-Oct-2019 14:28:52.595 INFO [main] org.apache.catalina.startup.VersionLoggerListener.log JVM Version:           1.8.0_201-b09
14-Oct-2019 14:28:52.595 INFO [main] org.apache.catalina.startup.VersionLoggerListener.log JVM Vendor:            Oracle Corporation
14-Oct-2019 14:28:52.595 INFO [main] org.apache.catalina.startup.VersionLoggerListener.log CATALINA_BASE:         /home/raghav/apache-tomcat-9.0.26
14-Oct-2019 14:28:52.595 INFO [main] org.apache.catalina.startup.VersionLoggerListener.log CATALINA_HOME:         /home/raghav/apache-tomcat-9.0.26
14-Oct-2019 14:28:52.596 INFO [main] org.apache.catalina.startup.VersionLoggerListener.log Command line argument: -Djava.util.logging.config.file=/home/raghav/apache-tomcat-9.0.26/conf/logging.properties
14-Oct-2019 14:28:52.597 INFO [main] org.apache.catalina.startup.VersionLoggerListener.log Command line argument: -Djava.util.logging.manager=org.apache.juli.ClassLoaderLogManager
14-Oct-2019 14:28:52.597 INFO [main] org.apache.catalina.startup.VersionLoggerListener.log Command line argument: -Djdk.tls.ephemeralDHKeySize=2048
14-Oct-2019 14:28:52.597 INFO [main] org.apache.catalina.startup.VersionLoggerListener.log Command line argument: -Djava.protocol.handler.pkgs=org.apache.catalina.webresources
14-Oct-2019 14:28:52.597 INFO [main] org.apache.catalina.startup.VersionLoggerListener.log Command line argument: -Dorg.apache.catalina.security.SecurityListener.UMASK=0027
14-Oct-2019 14:28:52.597 INFO [main] org.apache.catalina.startup.VersionLoggerListener.log Command line argument: -Dignore.endorsed.dirs=
14-Oct-2019 14:28:52.597 INFO [main] org.apache.catalina.startup.VersionLoggerListener.log Command line argument: -Dcatalina.base=/home/raghav/apache-tomcat-9.0.26
14-Oct-2019 14:28:52.597 INFO [main] org.apache.catalina.startup.VersionLoggerListener.log Command line argument: -Dcatalina.home=/home/raghav/apache-tomcat-9.0.26
14-Oct-2019 14:28:52.598 INFO [main] org.apache.catalina.startup.VersionLoggerListener.log Command line argument: -Djava.io.tmpdir=/home/raghav/apache-tomcat-9.0.26/temp
14-Oct-2019 14:28:52.598 INFO [main] org.apache.catalina.core.AprLifecycleListener.lifecycleEvent The APR based Apache Tomcat Native library which allows optimal performance in production environments was not found on the java.library.path: [/usr/java/packages/lib/amd64:/usr/lib64:/lib64:/lib:/usr/lib]
14-Oct-2019 14:28:52.908 INFO [main] org.apache.coyote.AbstractProtocol.init Initializing ProtocolHandler ["http-nio-8080"]
14-Oct-2019 14:28:52.930 INFO [main] org.apache.coyote.AbstractProtocol.init Initializing ProtocolHandler ["ajp-nio-8009"]
14-Oct-2019 14:28:52.936 INFO [main] org.apache.catalina.startup.Catalina.load Server initialization in [515] milliseconds
14-Oct-2019 14:28:52.971 INFO [main] org.apache.catalina.core.StandardService.startInternal Starting service [Catalina]
14-Oct-2019 14:28:52.972 INFO [main] org.apache.catalina.core.StandardEngine.startInternal Starting Servlet engine: [Apache Tomcat/9.0.26]
14-Oct-2019 14:28:52.979 INFO [main] org.apache.catalina.startup.HostConfig.deployDirectory Deploying web application directory [/home/raghav/apache-tomcat-9.0.26/webapps/host-manager]
14-Oct-2019 14:28:53.237 INFO [main] org.apache.catalina.startup.HostConfig.deployDirectory Deployment of web application directory [/home/raghav/apache-tomcat-9.0.26/webapps/host-manager] has finished in [258] ms
14-Oct-2019 14:28:53.238 INFO [main] org.apache.catalina.startup.HostConfig.deployDirectory Deploying web application directory [/home/raghav/apache-tomcat-9.0.26/webapps/examples]
14-Oct-2019 14:28:53.504 INFO [main] org.apache.catalina.startup.HostConfig.deployDirectory Deployment of web application directory [/home/raghav/apache-tomcat-9.0.26/webapps/examples] has finished in [266] ms
14-Oct-2019 14:28:53.505 INFO [main] org.apache.catalina.startup.HostConfig.deployDirectory Deploying web application directory [/home/raghav/apache-tomcat-9.0.26/webapps/manager]
14-Oct-2019 14:28:53.526 INFO [main] org.apache.catalina.startup.HostConfig.deployDirectory Deployment of web application directory [/home/raghav/apache-tomcat-9.0.26/webapps/manager] has finished in [21] ms
14-Oct-2019 14:28:53.527 INFO [main] org.apache.catalina.startup.HostConfig.deployDirectory Deploying web application directory [/home/raghav/apache-tomcat-9.0.26/webapps/ROOT]
14-Oct-2019 14:28:53.545 INFO [main] org.apache.catalina.startup.HostConfig.deployDirectory Deployment of web application directory [/home/raghav/apache-tomcat-9.0.26/webapps/ROOT] has finished in [19] ms
14-Oct-2019 14:28:53.545 INFO [main] org.apache.catalina.startup.HostConfig.deployDirectory Deploying web application directory [/home/raghav/apache-tomcat-9.0.26/webapps/docs]
14-Oct-2019 14:28:53.561 INFO [main] org.apache.catalina.startup.HostConfig.deployDirectory Deployment of web application directory [/home/raghav/apache-tomcat-9.0.26/webapps/docs] has finished in [16] ms
14-Oct-2019 14:28:53.565 INFO [main] org.apache.coyote.AbstractProtocol.start Starting ProtocolHandler ["http-nio-8080"]
14-Oct-2019 14:28:53.574 INFO [main] org.apache.coyote.AbstractProtocol.start Starting ProtocolHandler ["ajp-nio-8009"]
14-Oct-2019 14:28:53.576 INFO [main] org.apache.catalina.startup.Catalina.start Server startup in [639] milliseconds
14-Oct-2019 14:29:04.199 INFO [Thread-5] org.apache.coyote.AbstractProtocol.pause Pausing ProtocolHandler ["http-nio-8080"]
14-Oct-2019 14:29:04.213 INFO [Thread-5] org.apache.coyote.AbstractProtocol.pause Pausing ProtocolHandler ["ajp-nio-8009"]
14-Oct-2019 14:29:04.219 INFO [Thread-5] org.apache.catalina.core.StandardService.stopInternal Stopping service [Catalina]
14-Oct-2019 14:29:04.247 INFO [Thread-5] org.apache.coyote.AbstractProtocol.stop Stopping ProtocolHandler ["http-nio-8080"]
14-Oct-2019 14:29:04.248 INFO [Thread-5] org.apache.coyote.AbstractProtocol.stop Stopping ProtocolHandler ["ajp-nio-8009"]
14-Oct-2019 14:29:04.250 INFO [Thread-5] org.apache.coyote.AbstractProtocol.destroy Destroying ProtocolHandler ["http-nio-8080"]
14-Oct-2019 14:29:04.251 INFO [Thread-5] org.apache.coyote.AbstractProtocol.destroy Destroying ProtocolHandler ["ajp-nio-8009"]
14-Oct-2019 14:29:42.389 INFO [main] org.apache.catalina.startup.VersionLoggerListener.log Server version name:   Apache Tomcat/9.0.26
14-Oct-2019 14:29:42.391 INFO [main] org.apache.catalina.startup.VersionLoggerListener.log Server built:          Sep 16 2019 15:51:39 UTC
14-Oct-2019 14:29:42.391 INFO [main] org.apache.catalina.startup.VersionLoggerListener.log Server version number: 9.0.26.0
14-Oct-2019 14:29:42.391 INFO [main] org.apache.catalina.startup.VersionLoggerListener.log OS Name:               Linux
14-Oct-2019 14:29:42.391 INFO [main] org.apache.catalina.startup.VersionLoggerListener.log OS Version:            4.15.0-65-generic
14-Oct-2019 14:29:42.391 INFO [main] org.apache.catalina.startup.VersionLoggerListener.log Architecture:          amd64
14-Oct-2019 14:29:42.391 INFO [main] org.apache.catalina.startup.VersionLoggerListener.log Java Home:             /usr/lib/jvm/java-8-oracle/jre
14-Oct-2019 14:29:42.392 INFO [main] org.apache.catalina.startup.VersionLoggerListener.log JVM Version:           1.8.0_201-b09
14-Oct-2019 14:29:42.392 INFO [main] org.apache.catalina.startup.VersionLoggerListener.log JVM Vendor:            Oracle Corporation
14-Oct-2019 14:29:42.392 INFO [main] org.apache.catalina.startup.VersionLoggerListener.log CATALINA_BASE:         /home/raghav/apache-tomcat-9.0.26
14-Oct-2019 14:29:42.392 INFO [main] org.apache.catalina.startup.VersionLoggerListener.log CATALINA_HOME:         /home/raghav/apache-tomcat-9.0.26
14-Oct-2019 14:29:42.393 INFO [main] org.apache.catalina.startup.VersionLoggerListener.log Command line argument: -Djava.util.logging.config.file=/home/raghav/apache-tomcat-9.0.26/conf/logging.properties
14-Oct-2019 14:29:42.393 INFO [main] org.apache.catalina.startup.VersionLoggerListener.log Command line argument: -Djava.util.logging.manager=org.apache.juli.ClassLoaderLogManager
14-Oct-2019 14:29:42.393 INFO [main] org.apache.catalina.startup.VersionLoggerListener.log Command line argument: -Djdk.tls.ephemeralDHKeySize=2048
14-Oct-2019 14:29:42.393 INFO [main] org.apache.catalina.startup.VersionLoggerListener.log Command line argument: -Djava.protocol.handler.pkgs=org.apache.catalina.webresources
14-Oct-2019 14:29:42.394 INFO [main] org.apache.catalina.startup.VersionLoggerListener.log Command line argument: -Dorg.apache.catalina.security.SecurityListener.UMASK=0027
14-Oct-2019 14:29:42.394 INFO [main] org.apache.catalina.startup.VersionLoggerListener.log Command line argument: -Dignore.endorsed.dirs=
14-Oct-2019 14:29:42.394 INFO [main] org.apache.catalina.startup.VersionLoggerListener.log Command line argument: -Dcatalina.base=/home/raghav/apache-tomcat-9.0.26
14-Oct-2019 14:29:42.394 INFO [main] org.apache.catalina.startup.VersionLoggerListener.log Command line argument: -Dcatalina.home=/home/raghav/apache-tomcat-9.0.26
14-Oct-2019 14:29:42.394 INFO [main] org.apache.catalina.startup.VersionLoggerListener.log Command line argument: -Djava.io.tmpdir=/home/raghav/apache-tomcat-9.0.26/temp
14-Oct-2019 14:29:42.394 INFO [main] org.apache.catalina.core.AprLifecycleListener.lifecycleEvent The APR based Apache Tomcat Native library which allows optimal performance in production environments was not found on the java.library.path: [/usr/java/packages/lib/amd64:/usr/lib64:/lib64:/lib:/usr/lib]
14-Oct-2019 14:29:42.701 INFO [main] org.apache.coyote.AbstractProtocol.init Initializing ProtocolHandler ["http-nio-8080"]
14-Oct-2019 14:29:42.728 INFO [main] org.apache.coyote.AbstractProtocol.init Initializing ProtocolHandler ["ajp-nio-8009"]
14-Oct-2019 14:29:42.730 INFO [main] org.apache.catalina.startup.Catalina.load Server initialization in [513] milliseconds
14-Oct-2019 14:29:42.789 INFO [main] org.apache.catalina.core.StandardService.startInternal Starting service [Catalina]
14-Oct-2019 14:29:42.789 INFO [main] org.apache.catalina.core.StandardEngine.startInternal Starting Servlet engine: [Apache Tomcat/9.0.26]
14-Oct-2019 14:29:42.823 INFO [main] org.apache.catalina.startup.HostConfig.deployWAR Deploying web application archive [/home/raghav/apache-tomcat-9.0.26/webapps/ROOT.war]
14-Oct-2019 14:29:43.022 INFO [main] org.apache.catalina.startup.HostConfig.deployWAR Deployment of web application archive [/home/raghav/apache-tomcat-9.0.26/webapps/ROOT.war] has finished in [199] ms
14-Oct-2019 14:29:43.023 INFO [main] org.apache.catalina.startup.HostConfig.deployDirectory Deploying web application directory [/home/raghav/apache-tomcat-9.0.26/webapps/host-manager]
14-Oct-2019 14:29:43.056 INFO [main] org.apache.catalina.startup.HostConfig.deployDirectory Deployment of web application directory [/home/raghav/apache-tomcat-9.0.26/webapps/host-manager] has finished in [33] ms
14-Oct-2019 14:29:43.057 INFO [main] org.apache.catalina.startup.HostConfig.deployDirectory Deploying web application directory [/home/raghav/apache-tomcat-9.0.26/webapps/examples]
14-Oct-2019 14:29:43.285 INFO [main] org.apache.catalina.startup.HostConfig.deployDirectory Deployment of web application directory [/home/raghav/apache-tomcat-9.0.26/webapps/examples] has finished in [228] ms
14-Oct-2019 14:29:43.285 INFO [main] org.apache.catalina.startup.HostConfig.deployDirectory Deploying web application directory [/home/raghav/apache-tomcat-9.0.26/webapps/manager]
14-Oct-2019 14:29:43.308 INFO [main] org.apache.catalina.startup.HostConfig.deployDirectory Deployment of web application directory [/home/raghav/apache-tomcat-9.0.26/webapps/manager] has finished in [23] ms
14-Oct-2019 14:29:43.309 INFO [main] org.apache.catalina.startup.HostConfig.deployDirectory Deploying web application directory [/home/raghav/apache-tomcat-9.0.26/webapps/docs]
14-Oct-2019 14:29:43.326 INFO [main] org.apache.catalina.startup.HostConfig.deployDirectory Deployment of web application directory [/home/raghav/apache-tomcat-9.0.26/webapps/docs] has finished in [17] ms
14-Oct-2019 14:29:43.329 INFO [main] org.apache.coyote.AbstractProtocol.start Starting ProtocolHandler ["http-nio-8080"]
14-Oct-2019 14:29:43.348 INFO [main] org.apache.coyote.AbstractProtocol.start Starting ProtocolHandler ["ajp-nio-8009"]
14-Oct-2019 14:29:43.359 INFO [main] org.apache.catalina.startup.Catalina.start Server startup in [628] milliseconds
14-Oct-2019 14:30:43.851 INFO [Catalina-utility-2] org.apache.catalina.startup.HostConfig.undeploy Undeploying context []
14-Oct-2019 14:30:43.876 INFO [Catalina-utility-2] org.apache.catalina.startup.HostConfig.deployWAR Deploying web application archive [/home/raghav/apache-tomcat-9.0.26/webapps/ROOT.war]
14-Oct-2019 14:30:46.991 INFO [main] org.apache.catalina.startup.VersionLoggerListener.log Server version name:   Apache Tomcat/9.0.26
14-Oct-2019 14:30:46.993 INFO [main] org.apache.catalina.startup.VersionLoggerListener.log Server built:          Sep 16 2019 15:51:39 UTC
14-Oct-2019 14:30:46.994 INFO [main] org.apache.catalina.startup.VersionLoggerListener.log Server version number: 9.0.26.0
14-Oct-2019 14:30:46.994 INFO [main] org.apache.catalina.startup.VersionLoggerListener.log OS Name:               Linux
14-Oct-2019 14:30:46.994 INFO [main] org.apache.catalina.startup.VersionLoggerListener.log OS Version:            4.15.0-65-generic
14-Oct-2019 14:30:46.994 INFO [main] org.apache.catalina.startup.VersionLoggerListener.log Architecture:          amd64
14-Oct-2019 14:30:46.995 INFO [main] org.apache.catalina.startup.VersionLoggerListener.log Java Home:             /usr/lib/jvm/java-8-oracle/jre
14-Oct-2019 14:30:46.995 INFO [main] org.apache.catalina.startup.VersionLoggerListener.log JVM Version:           1.8.0_201-b09
14-Oct-2019 14:30:46.995 INFO [main] org.apache.catalina.startup.VersionLoggerListener.log JVM Vendor:            Oracle Corporation
14-Oct-2019 14:30:46.995 INFO [main] org.apache.catalina.startup.VersionLoggerListener.log CATALINA_BASE:         /home/raghav/apache-tomcat-9.0.26
14-Oct-2019 14:30:46.995 INFO [main] org.apache.catalina.startup.VersionLoggerListener.log CATALINA_HOME:         /home/raghav/apache-tomcat-9.0.26
14-Oct-2019 14:30:47.006 INFO [main] org.apache.catalina.startup.VersionLoggerListener.log Command line argument: -Djava.util.logging.config.file=/home/raghav/apache-tomcat-9.0.26/conf/logging.properties
14-Oct-2019 14:30:47.006 INFO [main] org.apache.catalina.startup.VersionLoggerListener.log Command line argument: -Djava.util.logging.manager=org.apache.juli.ClassLoaderLogManager
14-Oct-2019 14:30:47.006 INFO [main] org.apache.catalina.startup.VersionLoggerListener.log Command line argument: -Djdk.tls.ephemeralDHKeySize=2048
14-Oct-2019 14:30:47.007 INFO [main] org.apache.catalina.startup.VersionLoggerListener.log Command line argument: -Djava.protocol.handler.pkgs=org.apache.catalina.webresources
14-Oct-2019 14:30:47.007 INFO [main] org.apache.catalina.startup.VersionLoggerListener.log Command line argument: -Dorg.apache.catalina.security.SecurityListener.UMASK=0027
14-Oct-2019 14:30:47.007 INFO [main] org.apache.catalina.startup.VersionLoggerListener.log Command line argument: -Dignore.endorsed.dirs=
14-Oct-2019 14:30:47.007 INFO [main] org.apache.catalina.startup.VersionLoggerListener.log Command line argument: -Dcatalina.base=/home/raghav/apache-tomcat-9.0.26
14-Oct-2019 14:30:47.007 INFO [main] org.apache.catalina.startup.VersionLoggerListener.log Command line argument: -Dcatalina.home=/home/raghav/apache-tomcat-9.0.26
14-Oct-2019 14:30:47.008 INFO [main] org.apache.catalina.startup.VersionLoggerListener.log Command line argument: -Djava.io.tmpdir=/home/raghav/apache-tomcat-9.0.26/temp
14-Oct-2019 14:30:47.008 INFO [main] org.apache.catalina.core.AprLifecycleListener.lifecycleEvent The APR based Apache Tomcat Native library which allows optimal performance in production environments was not found on the java.library.path: [/usr/java/packages/lib/amd64:/usr/lib64:/lib64:/lib:/usr/lib]
14-Oct-2019 14:30:47.609 INFO [main] org.apache.coyote.AbstractProtocol.init Initializing ProtocolHandler ["http-nio-8080"]
14-Oct-2019 14:30:47.640 SEVERE [main] org.apache.catalina.util.LifecycleBase.handleSubClassException Failed to initialize component [Connector[HTTP/1.1-8080]]
	org.apache.catalina.LifecycleException: Protocol handler initialization failed
		at org.apache.catalina.connector.Connector.initInternal(Connector.java:983)
		at org.apache.catalina.util.LifecycleBase.init(LifecycleBase.java:136)
		at org.apache.catalina.core.StandardService.initInternal(StandardService.java:533)
		at org.apache.catalina.util.LifecycleBase.init(LifecycleBase.java:136)
		at org.apache.catalina.core.StandardServer.initInternal(StandardServer.java:1059)
		at org.apache.catalina.util.LifecycleBase.init(LifecycleBase.java:136)
		at org.apache.catalina.startup.Catalina.load(Catalina.java:584)
		at org.apache.catalina.startup.Catalina.load(Catalina.java:607)
		at sun.reflect.NativeMethodAccessorImpl.invoke0(Native Method)
		at sun.reflect.NativeMethodAccessorImpl.invoke(NativeMethodAccessorImpl.java:62)
		at sun.reflect.DelegatingMethodAccessorImpl.invoke(DelegatingMethodAccessorImpl.java:43)
		at java.lang.reflect.Method.invoke(Method.java:498)
		at org.apache.catalina.startup.Bootstrap.load(Bootstrap.java:304)
		at org.apache.catalina.startup.Bootstrap.main(Bootstrap.java:474)
	Caused by: java.net.BindException: Address already in use
		at sun.nio.ch.Net.bind0(Native Method)
		at sun.nio.ch.Net.bind(Net.java:433)
		at sun.nio.ch.Net.bind(Net.java:425)
		at sun.nio.ch.ServerSocketChannelImpl.bind(ServerSocketChannelImpl.java:223)
		at sun.nio.ch.ServerSocketAdaptor.bind(ServerSocketAdaptor.java:74)
		at org.apache.tomcat.util.net.NioEndpoint.initServerSocket(NioEndpoint.java:230)
		at org.apache.tomcat.util.net.NioEndpoint.bind(NioEndpoint.java:213)
		at org.apache.tomcat.util.net.AbstractEndpoint.bindWithCleanup(AbstractEndpoint.java:1124)
		at org.apache.tomcat.util.net.AbstractEndpoint.init(AbstractEndpoint.java:1137)
		at org.apache.coyote.AbstractProtocol.init(AbstractProtocol.java:574)
		at org.apache.coyote.http11.AbstractHttp11Protocol.init(AbstractHttp11Protocol.java:74)
		at org.apache.catalina.connector.Connector.initInternal(Connector.java:980)
		... 13 more
14-Oct-2019 14:30:47.646 INFO [main] org.apache.coyote.AbstractProtocol.init Initializing ProtocolHandler ["ajp-nio-8009"]
14-Oct-2019 14:30:47.654 SEVERE [main] org.apache.catalina.util.LifecycleBase.handleSubClassException Failed to initialize component [Connector[AJP/1.3-8009]]
	org.apache.catalina.LifecycleException: Protocol handler initialization failed
		at org.apache.catalina.connector.Connector.initInternal(Connector.java:983)
		at org.apache.catalina.util.LifecycleBase.init(LifecycleBase.java:136)
		at org.apache.catalina.core.StandardService.initInternal(StandardService.java:533)
		at org.apache.catalina.util.LifecycleBase.init(LifecycleBase.java:136)
		at org.apache.catalina.core.StandardServer.initInternal(StandardServer.java:1059)
		at org.apache.catalina.util.LifecycleBase.init(LifecycleBase.java:136)
		at org.apache.catalina.startup.Catalina.load(Catalina.java:584)
		at org.apache.catalina.startup.Catalina.load(Catalina.java:607)
		at sun.reflect.NativeMethodAccessorImpl.invoke0(Native Method)
		at sun.reflect.NativeMethodAccessorImpl.invoke(NativeMethodAccessorImpl.java:62)
		at sun.reflect.DelegatingMethodAccessorImpl.invoke(DelegatingMethodAccessorImpl.java:43)
		at java.lang.reflect.Method.invoke(Method.java:498)
		at org.apache.catalina.startup.Bootstrap.load(Bootstrap.java:304)
		at org.apache.catalina.startup.Bootstrap.main(Bootstrap.java:474)
	Caused by: java.net.BindException: Address already in use
		at sun.nio.ch.Net.bind0(Native Method)
		at sun.nio.ch.Net.bind(Net.java:433)
		at sun.nio.ch.Net.bind(Net.java:425)
		at sun.nio.ch.ServerSocketChannelImpl.bind(ServerSocketChannelImpl.java:223)
		at sun.nio.ch.ServerSocketAdaptor.bind(ServerSocketAdaptor.java:74)
		at org.apache.tomcat.util.net.NioEndpoint.initServerSocket(NioEndpoint.java:230)
		at org.apache.tomcat.util.net.NioEndpoint.bind(NioEndpoint.java:213)
		at org.apache.tomcat.util.net.AbstractEndpoint.bindWithCleanup(AbstractEndpoint.java:1124)
		at org.apache.tomcat.util.net.AbstractEndpoint.init(AbstractEndpoint.java:1137)
		at org.apache.coyote.AbstractProtocol.init(AbstractProtocol.java:574)
		at org.apache.catalina.connector.Connector.initInternal(Connector.java:980)
		... 13 more
14-Oct-2019 14:30:47.663 INFO [main] org.apache.catalina.startup.Catalina.load Server initialization in [1,181] milliseconds
14-Oct-2019 14:30:47.712 INFO [main] org.apache.catalina.core.StandardService.startInternal Starting service [Catalina]
14-Oct-2019 14:30:47.712 INFO [main] org.apache.catalina.core.StandardEngine.startInternal Starting Servlet engine: [Apache Tomcat/9.0.26]
14-Oct-2019 14:30:47.745 INFO [main] org.apache.catalina.startup.HostConfig.deployWAR Deploying web application archive [/home/raghav/apache-tomcat-9.0.26/webapps/ROOT.war]
14-Oct-2019 14:30:58.257 INFO [Catalina-utility-2] org.apache.jasper.servlet.TldScanner.scanJars At least one JAR was scanned for TLDs yet contained no TLDs. Enable debug logging for this logger for a complete list of JARs that were scanned but no TLDs were found in them. Skipping unneeded JARs during scanning can improve startup time and JSP compilation time.
14-Oct-2019 14:30:58.308 INFO [Catalina-utility-2] org.apache.catalina.startup.HostConfig.deployWAR Deployment of web application archive [/home/raghav/apache-tomcat-9.0.26/webapps/ROOT.war] has finished in [14,431] ms
14-Oct-2019 14:31:02.479 INFO [main] org.apache.jasper.servlet.TldScanner.scanJars At least one JAR was scanned for TLDs yet contained no TLDs. Enable debug logging for this logger for a complete list of JARs that were scanned but no TLDs were found in them. Skipping unneeded JARs during scanning can improve startup time and JSP compilation time.
14-Oct-2019 14:31:02.513 INFO [main] org.apache.catalina.startup.HostConfig.deployWAR Deployment of web application archive [/home/raghav/apache-tomcat-9.0.26/webapps/ROOT.war] has finished in [14,768] ms
14-Oct-2019 14:31:02.514 INFO [main] org.apache.catalina.startup.HostConfig.deployDirectory Deploying web application directory [/home/raghav/apache-tomcat-9.0.26/webapps/host-manager]
14-Oct-2019 14:31:02.542 INFO [main] org.apache.catalina.startup.HostConfig.deployDirectory Deployment of web application directory [/home/raghav/apache-tomcat-9.0.26/webapps/host-manager] has finished in [28] ms
14-Oct-2019 14:31:02.542 INFO [main] org.apache.catalina.startup.HostConfig.deployDirectory Deploying web application directory [/home/raghav/apache-tomcat-9.0.26/webapps/examples]
14-Oct-2019 14:31:02.708 INFO [main] org.apache.catalina.startup.HostConfig.deployDirectory Deployment of web application directory [/home/raghav/apache-tomcat-9.0.26/webapps/examples] has finished in [166] ms
14-Oct-2019 14:31:02.709 INFO [main] org.apache.catalina.startup.HostConfig.deployDirectory Deploying web application directory [/home/raghav/apache-tomcat-9.0.26/webapps/manager]
14-Oct-2019 14:31:02.728 INFO [main] org.apache.catalina.startup.HostConfig.deployDirectory Deployment of web application directory [/home/raghav/apache-tomcat-9.0.26/webapps/manager] has finished in [19] ms
14-Oct-2019 14:31:02.728 INFO [main] org.apache.catalina.startup.HostConfig.deployDirectory Deploying web application directory [/home/raghav/apache-tomcat-9.0.26/webapps/docs]
14-Oct-2019 14:31:02.742 INFO [main] org.apache.catalina.startup.HostConfig.deployDirectory Deployment of web application directory [/home/raghav/apache-tomcat-9.0.26/webapps/docs] has finished in [14] ms
14-Oct-2019 14:31:02.748 INFO [main] org.apache.catalina.startup.Catalina.start Server startup in [15,084] milliseconds
14-Oct-2019 14:31:02.749 SEVERE [main] org.apache.catalina.core.StandardServer.await Failed to create server shutdown socket on address [localhost] and port [8005] (base port [8005] and offset [0])
	java.net.BindException: Address already in use (Bind failed)
		at java.net.PlainSocketImpl.socketBind(Native Method)
		at java.net.AbstractPlainSocketImpl.bind(AbstractPlainSocketImpl.java:387)
		at java.net.ServerSocket.bind(ServerSocket.java:375)
		at java.net.ServerSocket.<init>(ServerSocket.java:237)
		at org.apache.catalina.core.StandardServer.await(StandardServer.java:584)
		at org.apache.catalina.startup.Catalina.await(Catalina.java:721)
		at org.apache.catalina.startup.Catalina.start(Catalina.java:667)
		at sun.reflect.NativeMethodAccessorImpl.invoke0(Native Method)
		at sun.reflect.NativeMethodAccessorImpl.invoke(NativeMethodAccessorImpl.java:62)
		at sun.reflect.DelegatingMethodAccessorImpl.invoke(DelegatingMethodAccessorImpl.java:43)
		at java.lang.reflect.Method.invoke(Method.java:498)
		at org.apache.catalina.startup.Bootstrap.start(Bootstrap.java:344)
		at org.apache.catalina.startup.Bootstrap.main(Bootstrap.java:475)
14-Oct-2019 14:31:02.751 INFO [main] org.apache.coyote.AbstractProtocol.pause Pausing ProtocolHandler ["http-nio-8080"]
14-Oct-2019 14:31:02.751 INFO [main] org.apache.coyote.AbstractProtocol.pause Pausing ProtocolHandler ["ajp-nio-8009"]
14-Oct-2019 14:31:02.751 INFO [main] org.apache.catalina.core.StandardService.stopInternal Stopping service [Catalina]
14-Oct-2019 14:31:02.788 WARNING [main] org.apache.catalina.loader.WebappClassLoaderBase.clearReferencesJdbc The web application [ROOT] registered the JDBC driver [com.mysql.cj.jdbc.Driver] but failed to unregister it when the web application was stopped. To prevent a memory leak, the JDBC Driver has been forcibly unregistered.
14-Oct-2019 14:31:02.789 WARNING [main] org.apache.catalina.loader.WebappClassLoaderBase.clearReferencesThreads The web application [ROOT] appears to have started a thread named [mysql-cj-abandoned-connection-cleanup] but has failed to stop it. This is very likely to create a memory leak. Stack trace of thread:
 java.lang.Object.wait(Native Method)
 java.lang.ref.ReferenceQueue.remove(ReferenceQueue.java:144)
 com.mysql.cj.jdbc.AbandonedConnectionCleanupThread.run(AbandonedConnectionCleanupThread.java:85)
 java.util.concurrent.ThreadPoolExecutor.runWorker(ThreadPoolExecutor.java:1149)
 java.util.concurrent.ThreadPoolExecutor$Worker.run(ThreadPoolExecutor.java:624)
 java.lang.Thread.run(Thread.java:748)
14-Oct-2019 14:31:02.808 INFO [main] org.apache.coyote.AbstractProtocol.stop Stopping ProtocolHandler ["http-nio-8080"]
14-Oct-2019 14:31:02.808 INFO [main] org.apache.coyote.AbstractProtocol.destroy Destroying ProtocolHandler ["http-nio-8080"]
14-Oct-2019 14:31:02.808 INFO [main] org.apache.coyote.AbstractProtocol.stop Stopping ProtocolHandler ["ajp-nio-8009"]
14-Oct-2019 14:31:02.808 INFO [main] org.apache.coyote.AbstractProtocol.destroy Destroying ProtocolHandler ["ajp-nio-8009"]
14-Oct-2019 14:31:32.063 INFO [Thread-5] org.apache.coyote.AbstractProtocol.pause Pausing ProtocolHandler ["http-nio-8080"]
14-Oct-2019 14:31:32.075 INFO [Thread-5] org.apache.coyote.AbstractProtocol.pause Pausing ProtocolHandler ["ajp-nio-8009"]
14-Oct-2019 14:31:32.083 INFO [Thread-5] org.apache.catalina.core.StandardService.stopInternal Stopping service [Catalina]
14-Oct-2019 14:31:32.136 WARNING [Thread-5] org.apache.catalina.loader.WebappClassLoaderBase.clearReferencesJdbc The web application [ROOT] registered the JDBC driver [com.mysql.cj.jdbc.Driver] but failed to unregister it when the web application was stopped. To prevent a memory leak, the JDBC Driver has been forcibly unregistered.
14-Oct-2019 14:31:32.137 WARNING [Thread-5] org.apache.catalina.loader.WebappClassLoaderBase.clearReferencesThreads The web application [ROOT] appears to have started a thread named [mysql-cj-abandoned-connection-cleanup] but has failed to stop it. This is very likely to create a memory leak. Stack trace of thread:
 java.lang.Object.wait(Native Method)
 java.lang.ref.ReferenceQueue.remove(ReferenceQueue.java:144)
 com.mysql.cj.jdbc.AbandonedConnectionCleanupThread.run(AbandonedConnectionCleanupThread.java:85)
 java.util.concurrent.ThreadPoolExecutor.runWorker(ThreadPoolExecutor.java:1149)
 java.util.concurrent.ThreadPoolExecutor$Worker.run(ThreadPoolExecutor.java:624)
 java.lang.Thread.run(Thread.java:748)
14-Oct-2019 14:31:32.151 INFO [Thread-5] org.apache.coyote.AbstractProtocol.stop Stopping ProtocolHandler ["http-nio-8080"]
14-Oct-2019 14:31:32.152 INFO [Thread-5] org.apache.coyote.AbstractProtocol.stop Stopping ProtocolHandler ["ajp-nio-8009"]
14-Oct-2019 14:31:32.154 INFO [Thread-5] org.apache.coyote.AbstractProtocol.destroy Destroying ProtocolHandler ["http-nio-8080"]
14-Oct-2019 14:31:32.155 INFO [Thread-5] org.apache.coyote.AbstractProtocol.destroy Destroying ProtocolHandler ["ajp-nio-8009"]
14-Oct-2019 14:31:40.510 INFO [main] org.apache.catalina.startup.VersionLoggerListener.log Server version name:   Apache Tomcat/9.0.26
14-Oct-2019 14:31:40.511 INFO [main] org.apache.catalina.startup.VersionLoggerListener.log Server built:          Sep 16 2019 15:51:39 UTC
14-Oct-2019 14:31:40.512 INFO [main] org.apache.catalina.startup.VersionLoggerListener.log Server version number: 9.0.26.0
14-Oct-2019 14:31:40.512 INFO [main] org.apache.catalina.startup.VersionLoggerListener.log OS Name:               Linux
14-Oct-2019 14:31:40.512 INFO [main] org.apache.catalina.startup.VersionLoggerListener.log OS Version:            4.15.0-65-generic
14-Oct-2019 14:31:40.512 INFO [main] org.apache.catalina.startup.VersionLoggerListener.log Architecture:          amd64
14-Oct-2019 14:31:40.512 INFO [main] org.apache.catalina.startup.VersionLoggerListener.log Java Home:             /usr/lib/jvm/java-8-oracle/jre
14-Oct-2019 14:31:40.512 INFO [main] org.apache.catalina.startup.VersionLoggerListener.log JVM Version:           1.8.0_201-b09
14-Oct-2019 14:31:40.512 INFO [main] org.apache.catalina.startup.VersionLoggerListener.log JVM Vendor:            Oracle Corporation
14-Oct-2019 14:31:40.512 INFO [main] org.apache.catalina.startup.VersionLoggerListener.log CATALINA_BASE:         /home/raghav/apache-tomcat-9.0.26
14-Oct-2019 14:31:40.512 INFO [main] org.apache.catalina.startup.VersionLoggerListener.log CATALINA_HOME:         /home/raghav/apache-tomcat-9.0.26
14-Oct-2019 14:31:40.513 INFO [main] org.apache.catalina.startup.VersionLoggerListener.log Command line argument: -Djava.util.logging.config.file=/home/raghav/apache-tomcat-9.0.26/conf/logging.properties
14-Oct-2019 14:31:40.513 INFO [main] org.apache.catalina.startup.VersionLoggerListener.log Command line argument: -Djava.util.logging.manager=org.apache.juli.ClassLoaderLogManager
14-Oct-2019 14:31:40.513 INFO [main] org.apache.catalina.startup.VersionLoggerListener.log Command line argument: -Djdk.tls.ephemeralDHKeySize=2048
14-Oct-2019 14:31:40.513 INFO [main] org.apache.catalina.startup.VersionLoggerListener.log Command line argument: -Djava.protocol.handler.pkgs=org.apache.catalina.webresources
14-Oct-2019 14:31:40.513 INFO [main] org.apache.catalina.startup.VersionLoggerListener.log Command line argument: -Dorg.apache.catalina.security.SecurityListener.UMASK=0027
14-Oct-2019 14:31:40.514 INFO [main] org.apache.catalina.startup.VersionLoggerListener.log Command line argument: -Dignore.endorsed.dirs=
14-Oct-2019 14:31:40.514 INFO [main] org.apache.catalina.startup.VersionLoggerListener.log Command line argument: -Dcatalina.base=/home/raghav/apache-tomcat-9.0.26
14-Oct-2019 14:31:40.514 INFO [main] org.apache.catalina.startup.VersionLoggerListener.log Command line argument: -Dcatalina.home=/home/raghav/apache-tomcat-9.0.26
14-Oct-2019 14:31:40.514 INFO [main] org.apache.catalina.startup.VersionLoggerListener.log Command line argument: -Djava.io.tmpdir=/home/raghav/apache-tomcat-9.0.26/temp
14-Oct-2019 14:31:40.514 INFO [main] org.apache.catalina.core.AprLifecycleListener.lifecycleEvent The APR based Apache Tomcat Native library which allows optimal performance in production environments was not found on the java.library.path: [/usr/java/packages/lib/amd64:/usr/lib64:/lib64:/lib:/usr/lib]
14-Oct-2019 14:31:40.846 INFO [main] org.apache.coyote.AbstractProtocol.init Initializing ProtocolHandler ["http-nio-8080"]
14-Oct-2019 14:31:40.873 INFO [main] org.apache.coyote.AbstractProtocol.init Initializing ProtocolHandler ["ajp-nio-8009"]
14-Oct-2019 14:31:40.875 INFO [main] org.apache.catalina.startup.Catalina.load Server initialization in [546] milliseconds
14-Oct-2019 14:31:40.922 INFO [main] org.apache.catalina.core.StandardService.startInternal Starting service [Catalina]
14-Oct-2019 14:31:40.922 INFO [main] org.apache.catalina.core.StandardEngine.startInternal Starting Servlet engine: [Apache Tomcat/9.0.26]
14-Oct-2019 14:31:40.949 INFO [main] org.apache.catalina.startup.HostConfig.deployWAR Deploying web application archive [/home/raghav/apache-tomcat-9.0.26/webapps/ROOT.war]
14-Oct-2019 14:31:50.944 INFO [main] org.apache.jasper.servlet.TldScanner.scanJars At least one JAR was scanned for TLDs yet contained no TLDs. Enable debug logging for this logger for a complete list of JARs that were scanned but no TLDs were found in them. Skipping unneeded JARs during scanning can improve startup time and JSP compilation time.
14-Oct-2019 14:31:50.975 INFO [main] org.apache.catalina.startup.HostConfig.deployWAR Deployment of web application archive [/home/raghav/apache-tomcat-9.0.26/webapps/ROOT.war] has finished in [10,025] ms
14-Oct-2019 14:31:50.975 INFO [main] org.apache.catalina.startup.HostConfig.deployDirectory Deploying web application directory [/home/raghav/apache-tomcat-9.0.26/webapps/host-manager]
14-Oct-2019 14:31:51.000 INFO [main] org.apache.catalina.startup.HostConfig.deployDirectory Deployment of web application directory [/home/raghav/apache-tomcat-9.0.26/webapps/host-manager] has finished in [25] ms
14-Oct-2019 14:31:51.000 INFO [main] org.apache.catalina.startup.HostConfig.deployDirectory Deploying web application directory [/home/raghav/apache-tomcat-9.0.26/webapps/examples]
14-Oct-2019 14:31:51.121 INFO [main] org.apache.catalina.startup.HostConfig.deployDirectory Deployment of web application directory [/home/raghav/apache-tomcat-9.0.26/webapps/examples] has finished in [121] ms
14-Oct-2019 14:31:51.121 INFO [main] org.apache.catalina.startup.HostConfig.deployDirectory Deploying web application directory [/home/raghav/apache-tomcat-9.0.26/webapps/manager]
14-Oct-2019 14:31:51.139 INFO [main] org.apache.catalina.startup.HostConfig.deployDirectory Deployment of web application directory [/home/raghav/apache-tomcat-9.0.26/webapps/manager] has finished in [18] ms
14-Oct-2019 14:31:51.139 INFO [main] org.apache.catalina.startup.HostConfig.deployDirectory Deploying web application directory [/home/raghav/apache-tomcat-9.0.26/webapps/docs]
14-Oct-2019 14:31:51.155 INFO [main] org.apache.catalina.startup.HostConfig.deployDirectory Deployment of web application directory [/home/raghav/apache-tomcat-9.0.26/webapps/docs] has finished in [15] ms
14-Oct-2019 14:31:51.161 INFO [main] org.apache.coyote.AbstractProtocol.start Starting ProtocolHandler ["http-nio-8080"]
14-Oct-2019 14:31:51.184 INFO [main] org.apache.coyote.AbstractProtocol.start Starting ProtocolHandler ["ajp-nio-8009"]
14-Oct-2019 14:31:51.208 INFO [main] org.apache.catalina.startup.Catalina.start Server startup in [10,331] milliseconds
14-Oct-2019 14:37:37.953 INFO [Thread-8] org.apache.coyote.AbstractProtocol.pause Pausing ProtocolHandler ["http-nio-8080"]
14-Oct-2019 14:37:37.962 INFO [Thread-8] org.apache.coyote.AbstractProtocol.pause Pausing ProtocolHandler ["ajp-nio-8009"]
14-Oct-2019 14:37:37.968 INFO [Thread-8] org.apache.catalina.core.StandardService.stopInternal Stopping service [Catalina]
14-Oct-2019 14:37:38.045 WARNING [Thread-8] org.apache.catalina.loader.WebappClassLoaderBase.clearReferencesJdbc The web application [ROOT] registered the JDBC driver [com.mysql.cj.jdbc.Driver] but failed to unregister it when the web application was stopped. To prevent a memory leak, the JDBC Driver has been forcibly unregistered.
14-Oct-2019 14:37:38.047 WARNING [Thread-8] org.apache.catalina.loader.WebappClassLoaderBase.clearReferencesThreads The web application [ROOT] appears to have started a thread named [mysql-cj-abandoned-connection-cleanup] but has failed to stop it. This is very likely to create a memory leak. Stack trace of thread:
 java.lang.Object.wait(Native Method)
 java.lang.ref.ReferenceQueue.remove(ReferenceQueue.java:144)
 com.mysql.cj.jdbc.AbandonedConnectionCleanupThread.run(AbandonedConnectionCleanupThread.java:85)
 java.util.concurrent.ThreadPoolExecutor.runWorker(ThreadPoolExecutor.java:1149)
 java.util.concurrent.ThreadPoolExecutor$Worker.run(ThreadPoolExecutor.java:624)
 java.lang.Thread.run(Thread.java:748)
14-Oct-2019 14:37:38.104 INFO [Thread-8] org.apache.coyote.AbstractProtocol.stop Stopping ProtocolHandler ["http-nio-8080"]
14-Oct-2019 14:37:38.107 INFO [Thread-8] org.apache.coyote.AbstractProtocol.stop Stopping ProtocolHandler ["ajp-nio-8009"]
14-Oct-2019 14:37:38.110 INFO [Thread-8] org.apache.coyote.AbstractProtocol.destroy Destroying ProtocolHandler ["http-nio-8080"]
14-Oct-2019 14:37:38.110 INFO [Thread-8] org.apache.coyote.AbstractProtocol.destroy Destroying ProtocolHandler ["ajp-nio-8009"]
14-Oct-2019 15:23:32.406 INFO [main] org.apache.catalina.startup.VersionLoggerListener.log Server version name:   Apache Tomcat/9.0.26
14-Oct-2019 15:23:32.413 INFO [main] org.apache.catalina.startup.VersionLoggerListener.log Server built:          Sep 16 2019 15:51:39 UTC
14-Oct-2019 15:23:32.413 INFO [main] org.apache.catalina.startup.VersionLoggerListener.log Server version number: 9.0.26.0
14-Oct-2019 15:23:32.413 INFO [main] org.apache.catalina.startup.VersionLoggerListener.log OS Name:               Linux
14-Oct-2019 15:23:32.413 INFO [main] org.apache.catalina.startup.VersionLoggerListener.log OS Version:            4.15.0-65-generic
14-Oct-2019 15:23:32.414 INFO [main] org.apache.catalina.startup.VersionLoggerListener.log Architecture:          amd64
14-Oct-2019 15:23:32.414 INFO [main] org.apache.catalina.startup.VersionLoggerListener.log Java Home:             /usr/lib/jvm/java-8-oracle/jre
14-Oct-2019 15:23:32.414 INFO [main] org.apache.catalina.startup.VersionLoggerListener.log JVM Version:           1.8.0_201-b09
14-Oct-2019 15:23:32.414 INFO [main] org.apache.catalina.startup.VersionLoggerListener.log JVM Vendor:            Oracle Corporation
14-Oct-2019 15:23:32.414 INFO [main] org.apache.catalina.startup.VersionLoggerListener.log CATALINA_BASE:         /home/raghav/apache-tomcat-9.0.26
14-Oct-2019 15:23:32.415 INFO [main] org.apache.catalina.startup.VersionLoggerListener.log CATALINA_HOME:         /home/raghav/apache-tomcat-9.0.26
14-Oct-2019 15:23:32.423 INFO [main] org.apache.catalina.startup.VersionLoggerListener.log Command line argument: -Djava.util.logging.config.file=/home/raghav/apache-tomcat-9.0.26/conf/logging.properties
14-Oct-2019 15:23:32.423 INFO [main] org.apache.catalina.startup.VersionLoggerListener.log Command line argument: -Djava.util.logging.manager=org.apache.juli.ClassLoaderLogManager
14-Oct-2019 15:23:32.423 INFO [main] org.apache.catalina.startup.VersionLoggerListener.log Command line argument: -Djdk.tls.ephemeralDHKeySize=2048
14-Oct-2019 15:23:32.424 INFO [main] org.apache.catalina.startup.VersionLoggerListener.log Command line argument: -Djava.protocol.handler.pkgs=org.apache.catalina.webresources
14-Oct-2019 15:23:32.424 INFO [main] org.apache.catalina.startup.VersionLoggerListener.log Command line argument: -Dorg.apache.catalina.security.SecurityListener.UMASK=0027
14-Oct-2019 15:23:32.424 INFO [main] org.apache.catalina.startup.VersionLoggerListener.log Command line argument: -Dignore.endorsed.dirs=
14-Oct-2019 15:23:32.424 INFO [main] org.apache.catalina.startup.VersionLoggerListener.log Command line argument: -Dcatalina.base=/home/raghav/apache-tomcat-9.0.26
14-Oct-2019 15:23:32.425 INFO [main] org.apache.catalina.startup.VersionLoggerListener.log Command line argument: -Dcatalina.home=/home/raghav/apache-tomcat-9.0.26
14-Oct-2019 15:23:32.425 INFO [main] org.apache.catalina.startup.VersionLoggerListener.log Command line argument: -Djava.io.tmpdir=/home/raghav/apache-tomcat-9.0.26/temp
14-Oct-2019 15:23:32.425 INFO [main] org.apache.catalina.core.AprLifecycleListener.lifecycleEvent The APR based Apache Tomcat Native library which allows optimal performance in production environments was not found on the java.library.path: [/usr/java/packages/lib/amd64:/usr/lib64:/lib64:/lib:/usr/lib]
14-Oct-2019 15:23:32.850 INFO [main] org.apache.coyote.AbstractProtocol.init Initializing ProtocolHandler ["http-nio-8080"]
14-Oct-2019 15:23:32.876 INFO [main] org.apache.coyote.AbstractProtocol.init Initializing ProtocolHandler ["ajp-nio-8009"]
14-Oct-2019 15:23:32.881 INFO [main] org.apache.catalina.startup.Catalina.load Server initialization in [797] milliseconds
14-Oct-2019 15:23:32.945 INFO [main] org.apache.catalina.core.StandardService.startInternal Starting service [Catalina]
14-Oct-2019 15:23:32.946 INFO [main] org.apache.catalina.core.StandardEngine.startInternal Starting Servlet engine: [Apache Tomcat/9.0.26]
14-Oct-2019 15:23:33.036 INFO [main] org.apache.catalina.startup.HostConfig.deployWAR Deploying web application archive [/home/raghav/apache-tomcat-9.0.26/webapps/ROOT.war]
14-Oct-2019 15:23:41.289 INFO [main] org.apache.jasper.servlet.TldScanner.scanJars At least one JAR was scanned for TLDs yet contained no TLDs. Enable debug logging for this logger for a complete list of JARs that were scanned but no TLDs were found in them. Skipping unneeded JARs during scanning can improve startup time and JSP compilation time.
14-Oct-2019 15:23:41.362 INFO [main] org.apache.catalina.startup.HostConfig.deployWAR Deployment of web application archive [/home/raghav/apache-tomcat-9.0.26/webapps/ROOT.war] has finished in [8,326] ms
14-Oct-2019 15:23:41.363 INFO [main] org.apache.catalina.startup.HostConfig.deployDirectory Deploying web application directory [/home/raghav/apache-tomcat-9.0.26/webapps/host-manager]
14-Oct-2019 15:23:41.460 INFO [main] org.apache.catalina.startup.HostConfig.deployDirectory Deployment of web application directory [/home/raghav/apache-tomcat-9.0.26/webapps/host-manager] has finished in [96] ms
14-Oct-2019 15:23:41.460 INFO [main] org.apache.catalina.startup.HostConfig.deployDirectory Deploying web application directory [/home/raghav/apache-tomcat-9.0.26/webapps/examples]
14-Oct-2019 15:23:42.166 INFO [main] org.apache.catalina.startup.HostConfig.deployDirectory Deployment of web application directory [/home/raghav/apache-tomcat-9.0.26/webapps/examples] has finished in [706] ms
14-Oct-2019 15:23:42.167 INFO [main] org.apache.catalina.startup.HostConfig.deployDirectory Deploying web application directory [/home/raghav/apache-tomcat-9.0.26/webapps/manager]
14-Oct-2019 15:23:42.215 INFO [main] org.apache.catalina.startup.HostConfig.deployDirectory Deployment of web application directory [/home/raghav/apache-tomcat-9.0.26/webapps/manager] has finished in [49] ms
14-Oct-2019 15:23:42.216 INFO [main] org.apache.catalina.startup.HostConfig.deployDirectory Deploying web application directory [/home/raghav/apache-tomcat-9.0.26/webapps/docs]
14-Oct-2019 15:23:42.247 INFO [main] org.apache.catalina.startup.HostConfig.deployDirectory Deployment of web application directory [/home/raghav/apache-tomcat-9.0.26/webapps/docs] has finished in [31] ms
14-Oct-2019 15:23:42.251 INFO [main] org.apache.coyote.AbstractProtocol.start Starting ProtocolHandler ["http-nio-8080"]
14-Oct-2019 15:23:42.262 INFO [main] org.apache.coyote.AbstractProtocol.start Starting ProtocolHandler ["ajp-nio-8009"]
14-Oct-2019 15:23:42.264 INFO [main] org.apache.catalina.startup.Catalina.start Server startup in [9,382] milliseconds
14-Oct-2019 15:28:28.535 INFO [Thread-7] org.apache.coyote.AbstractProtocol.pause Pausing ProtocolHandler ["http-nio-8080"]
14-Oct-2019 15:28:28.549 INFO [Thread-7] org.apache.coyote.AbstractProtocol.pause Pausing ProtocolHandler ["ajp-nio-8009"]
14-Oct-2019 15:28:28.555 INFO [Thread-7] org.apache.catalina.core.StandardService.stopInternal Stopping service [Catalina]
14-Oct-2019 15:28:28.587 WARNING [Thread-7] org.apache.catalina.loader.WebappClassLoaderBase.clearReferencesJdbc The web application [ROOT] registered the JDBC driver [com.mysql.cj.jdbc.Driver] but failed to unregister it when the web application was stopped. To prevent a memory leak, the JDBC Driver has been forcibly unregistered.
14-Oct-2019 15:28:28.588 WARNING [Thread-7] org.apache.catalina.loader.WebappClassLoaderBase.clearReferencesThreads The web application [ROOT] appears to have started a thread named [mysql-cj-abandoned-connection-cleanup] but has failed to stop it. This is very likely to create a memory leak. Stack trace of thread:
 java.lang.Object.wait(Native Method)
 java.lang.ref.ReferenceQueue.remove(ReferenceQueue.java:144)
 com.mysql.cj.jdbc.AbandonedConnectionCleanupThread.run(AbandonedConnectionCleanupThread.java:85)
 java.util.concurrent.ThreadPoolExecutor.runWorker(ThreadPoolExecutor.java:1149)
 java.util.concurrent.ThreadPoolExecutor$Worker.run(ThreadPoolExecutor.java:624)
 java.lang.Thread.run(Thread.java:748)
14-Oct-2019 15:28:28.618 INFO [Thread-7] org.apache.coyote.AbstractProtocol.stop Stopping ProtocolHandler ["http-nio-8080"]
14-Oct-2019 15:28:28.619 INFO [Thread-7] org.apache.coyote.AbstractProtocol.stop Stopping ProtocolHandler ["ajp-nio-8009"]
14-Oct-2019 15:28:28.621 INFO [Thread-7] org.apache.coyote.AbstractProtocol.destroy Destroying ProtocolHandler ["http-nio-8080"]
14-Oct-2019 15:28:28.621 INFO [Thread-7] org.apache.coyote.AbstractProtocol.destroy Destroying ProtocolHandler ["ajp-nio-8009"]
